<?xml version="1.0" encoding="UTF-8"?>
<!-- Generated by org.testng.reporters.JUnitXMLReporter -->
<testsuite ignored="0" hostname="Nirmala" failures="0" tests="3" name="Authentication" time="7.017" errors="0" timestamp="2023-12-06T16:39:26 IST">
  <testcase classname="com.rentv.test.Authentications" name="configProperties" time="0.016"/>
  <testcase classname="com.rentv.test.Authentications" name="login" time="4.548"/>
  <testcase classname="com.rentv.test.Authentications" name="confirmOtp" time="2.348"/>
</testsuite> <!-- Authentication -->
