<?xml version="1.0" encoding="UTF-8"?>
<testng-results ignored="3" total="13" passed="9" failed="1" skipped="0">
  <reporter-output>
  </reporter-output>
  <suite started-at="2023-12-06T16:39:18 IST" name="suite" finished-at="2023-12-06T16:39:36 IST" duration-ms="17146">
    <groups>
      <group name="Connections">
        <method signature="FriendsModule.deleteConnection(java.lang.String)[pri:4, instance:com.rentv.test.FriendsModule@43195e57]" name="deleteConnection" class="com.rentv.test.FriendsModule"/>
        <method signature="FriendsModule.getConnections()[pri:3, instance:com.rentv.test.FriendsModule@43195e57]" name="getConnections" class="com.rentv.test.FriendsModule"/>
      </group> <!-- Connections -->
      <group name="Login">
        <method signature="Authentications.configProperties()[pri:0, instance:com.rentv.test.Authentications@bef2d72]" name="configProperties" class="com.rentv.test.Authentications"/>
        <method signature="Authentications.confirmOtp()[pri:2, instance:com.rentv.test.Authentications@bef2d72]" name="confirmOtp" class="com.rentv.test.Authentications"/>
        <method signature="Authentications.login(java.lang.String)[pri:1, instance:com.rentv.test.Authentications@bef2d72]" name="login" class="com.rentv.test.Authentications"/>
      </group> <!-- Login -->
      <group name="Requests">
        <method signature="FriendsModule.confirmRequest(java.lang.String)[pri:8, instance:com.rentv.test.FriendsModule@43195e57]" name="confirmRequest" class="com.rentv.test.FriendsModule"/>
        <method signature="FriendsModule.countOfPendingRequest()[pri:7, instance:com.rentv.test.FriendsModule@43195e57]" name="countOfPendingRequest" class="com.rentv.test.FriendsModule"/>
        <method signature="FriendsModule.ignoreRequest(java.lang.String)[pri:9, instance:com.rentv.test.FriendsModule@43195e57]" name="ignoreRequest" class="com.rentv.test.FriendsModule"/>
        <method signature="FriendsModule.receivedRequests()[pri:6, instance:com.rentv.test.FriendsModule@43195e57]" name="receivedRequests" class="com.rentv.test.FriendsModule"/>
      </group> <!-- Requests -->
      <group name="AddFriends">
        <method signature="FriendsModule.addFriends(java.lang.String)[pri:5, instance:com.rentv.test.FriendsModule@43195e57]" name="addFriends" class="com.rentv.test.FriendsModule"/>
      </group> <!-- AddFriends -->
    </groups>
    <test started-at="2023-12-06T16:39:18 IST" name="Authentication" finished-at="2023-12-06T16:39:26 IST" duration-ms="7017">
      <class name="com.rentv.test.Authentications">
        <test-method signature="configProperties()[pri:0, instance:com.rentv.test.Authentications@bef2d72]" started-at="2023-12-06T16:39:19 IST" name="configProperties" finished-at="2023-12-06T16:39:19 IST" duration-ms="16" status="PASS">
          <reporter-output>
          </reporter-output>
        </test-method> <!-- configProperties -->
        <test-method signature="login(java.lang.String)[pri:1, instance:com.rentv.test.Authentications@bef2d72]" started-at="2023-12-06T16:39:19 IST" name="login" finished-at="2023-12-06T16:39:23 IST" duration-ms="4548" status="PASS">
          <params>
            <param index="0">
              <value>
                <![CDATA[1122334455]]>
              </value>
            </param>
          </params>
          <reporter-output>
          </reporter-output>
        </test-method> <!-- login -->
        <test-method signature="confirmOtp()[pri:2, instance:com.rentv.test.Authentications@bef2d72]" started-at="2023-12-06T16:39:23 IST" name="confirmOtp" finished-at="2023-12-06T16:39:25 IST" duration-ms="2348" status="PASS">
          <reporter-output>
          </reporter-output>
        </test-method> <!-- confirmOtp -->
      </class> <!-- com.rentv.test.Authentications -->
    </test> <!-- Authentication -->
    <test started-at="2023-12-06T16:39:26 IST" name="FriendsModule" finished-at="2023-12-06T16:39:36 IST" duration-ms="9977">
      <class name="com.rentv.test.FriendsModule">
        <test-method signature="getConnections()[pri:3, instance:com.rentv.test.FriendsModule@43195e57]" started-at="2023-12-06T16:39:26 IST" name="getConnections" finished-at="2023-12-06T16:39:26 IST" duration-ms="535" status="PASS">
          <reporter-output>
          </reporter-output>
        </test-method> <!-- getConnections -->
        <test-method signature="deleteConnection(java.lang.String)[pri:4, instance:com.rentv.test.FriendsModule@43195e57]" started-at="2023-12-06T16:39:26 IST" name="deleteConnection" finished-at="2023-12-06T16:39:30 IST" duration-ms="3317" status="PASS">
          <params>
            <param index="0">
              <value>
                <![CDATA[69a0868e-f2ca-449e-9163-3d8925]]>
              </value>
            </param>
          </params>
          <reporter-output>
          </reporter-output>
        </test-method> <!-- deleteConnection -->
        <test-method signature="addFriends(java.lang.String)[pri:5, instance:com.rentv.test.FriendsModule@43195e57]" started-at="2023-12-06T16:39:30 IST" name="addFriends" finished-at="2023-12-06T16:39:31 IST" duration-ms="1515" status="PASS">
          <params>
            <param index="0">
              <value>
                <![CDATA[ac1366e8-9db5-4504-97f1-c92459]]>
              </value>
            </param>
          </params>
          <reporter-output>
          </reporter-output>
        </test-method> <!-- addFriends -->
        <test-method signature="receivedRequests()[pri:6, instance:com.rentv.test.FriendsModule@43195e57]" started-at="2023-12-06T16:39:31 IST" name="receivedRequests" finished-at="2023-12-06T16:39:32 IST" duration-ms="988" status="PASS">
          <reporter-output>
          </reporter-output>
        </test-method> <!-- receivedRequests -->
        <test-method signature="countOfPendingRequest()[pri:7, instance:com.rentv.test.FriendsModule@43195e57]" started-at="2023-12-06T16:39:32 IST" name="countOfPendingRequest" finished-at="2023-12-06T16:39:33 IST" duration-ms="1276" status="PASS">
          <reporter-output>
          </reporter-output>
        </test-method> <!-- countOfPendingRequest -->
        <test-method signature="confirmRequest(java.lang.String)[pri:8, instance:com.rentv.test.FriendsModule@43195e57]" started-at="2023-12-06T16:39:33 IST" name="confirmRequest" finished-at="2023-12-06T16:39:34 IST" duration-ms="612" status="FAIL">
          <params>
            <param index="0">
              <value>
                <![CDATA[5a62b7be-e68e-481f-8979-1adbf6]]>
              </value>
            </param>
          </params>
          <exception class="java.lang.AssertionError">
            <message>
              <![CDATA[1 expectation failed.
Expected status code <200> but was <400>.
]]>
            </message>
            <full-stacktrace>
              <![CDATA[java.lang.AssertionError: 1 expectation failed.
Expected status code <200> but was <400>.

at java.base/jdk.internal.reflect.NativeConstructorAccessorImpl.newInstance0(Native Method)
at java.base/jdk.internal.reflect.NativeConstructorAccessorImpl.newInstance(NativeConstructorAccessorImpl.java:77)
at java.base/jdk.internal.reflect.DelegatingConstructorAccessorImpl.newInstance(DelegatingConstructorAccessorImpl.java:45)
at java.base/java.lang.reflect.Constructor.newInstanceWithCaller(Constructor.java:499)
at java.base/java.lang.reflect.Constructor.newInstance(Constructor.java:480)
at org.codehaus.groovy.reflection.CachedConstructor.invoke(CachedConstructor.java:73)
at org.codehaus.groovy.runtime.callsite.ConstructorSite$ConstructorSiteNoUnwrapNoCoerce.callConstructor(ConstructorSite.java:108)
at org.codehaus.groovy.runtime.callsite.CallSiteArray.defaultCallConstructor(CallSiteArray.java:57)
at org.codehaus.groovy.runtime.callsite.AbstractCallSite.callConstructor(AbstractCallSite.java:263)
at org.codehaus.groovy.runtime.callsite.AbstractCallSite.callConstructor(AbstractCallSite.java:277)
at io.restassured.internal.ResponseSpecificationImpl$HamcrestAssertionClosure.validate(ResponseSpecificationImpl.groovy:512)
at io.restassured.internal.ResponseSpecificationImpl$HamcrestAssertionClosure$validate$1.call(Unknown Source)
at io.restassured.internal.ResponseSpecificationImpl.validateResponseIfRequired(ResponseSpecificationImpl.groovy:696)
at io.restassured.internal.ResponseSpecificationImpl.this$2$validateResponseIfRequired(ResponseSpecificationImpl.groovy)
at java.base/jdk.internal.reflect.NativeMethodAccessorImpl.invoke0(Native Method)
at java.base/jdk.internal.reflect.NativeMethodAccessorImpl.invoke(NativeMethodAccessorImpl.java:77)
at java.base/jdk.internal.reflect.DelegatingMethodAccessorImpl.invoke(DelegatingMethodAccessorImpl.java:43)
at java.base/java.lang.reflect.Method.invoke(Method.java:568)
at org.codehaus.groovy.runtime.callsite.PlainObjectMetaMethodSite.doInvoke(PlainObjectMetaMethodSite.java:43)
at org.codehaus.groovy.runtime.callsite.PogoMetaMethodSite$PogoCachedMethodSiteNoUnwrapNoCoerce.invoke(PogoMetaMethodSite.java:198)
at org.codehaus.groovy.runtime.callsite.PogoMetaMethodSite.callCurrent(PogoMetaMethodSite.java:62)
at org.codehaus.groovy.runtime.callsite.AbstractCallSite.callCurrent(AbstractCallSite.java:185)
at io.restassured.internal.ResponseSpecificationImpl.statusCode(ResponseSpecificationImpl.groovy:135)
at io.restassured.specification.ResponseSpecification$statusCode$0.callCurrent(Unknown Source)
at io.restassured.internal.ResponseSpecificationImpl.statusCode(ResponseSpecificationImpl.groovy:143)
at io.restassured.internal.ValidatableResponseOptionsImpl.statusCode(ValidatableResponseOptionsImpl.java:89)
at com.rentv.test.CommonFunctions.auth_Response(CommonFunctions.java:73)
at com.rentv.test.FriendsModule.confirmRequest(FriendsModule.java:135)
at java.base/jdk.internal.reflect.NativeMethodAccessorImpl.invoke0(Native Method)
at java.base/jdk.internal.reflect.NativeMethodAccessorImpl.invoke(NativeMethodAccessorImpl.java:77)
at java.base/jdk.internal.reflect.DelegatingMethodAccessorImpl.invoke(DelegatingMethodAccessorImpl.java:43)
at java.base/java.lang.reflect.Method.invoke(Method.java:568)
at org.testng.internal.MethodInvocationHelper.invokeMethod(MethodInvocationHelper.java:133)
at org.testng.internal.TestInvoker.invokeMethod(TestInvoker.java:598)
at org.testng.internal.TestInvoker.invokeTestMethod(TestInvoker.java:173)
at org.testng.internal.MethodRunner.runInSequence(MethodRunner.java:46)
at org.testng.internal.TestInvoker$MethodInvocationAgent.invoke(TestInvoker.java:824)
at org.testng.internal.TestInvoker.invokeTestMethods(TestInvoker.java:146)
at org.testng.internal.TestMethodWorker.invokeTestMethods(TestMethodWorker.java:146)
at org.testng.internal.TestMethodWorker.run(TestMethodWorker.java:128)
at java.base/java.util.ArrayList.forEach(ArrayList.java:1511)
at org.testng.TestRunner.privateRun(TestRunner.java:794)
at org.testng.TestRunner.run(TestRunner.java:596)
at org.testng.SuiteRunner.runTest(SuiteRunner.java:377)
at org.testng.SuiteRunner.runSequentially(SuiteRunner.java:371)
at org.testng.SuiteRunner.privateRun(SuiteRunner.java:332)
at org.testng.SuiteRunner.run(SuiteRunner.java:276)
at org.testng.SuiteRunnerWorker.runSuite(SuiteRunnerWorker.java:53)
at org.testng.SuiteRunnerWorker.run(SuiteRunnerWorker.java:96)
at org.testng.TestNG.runSuitesSequentially(TestNG.java:1212)
at org.testng.TestNG.runSuitesLocally(TestNG.java:1134)
at org.testng.TestNG.runSuites(TestNG.java:1063)
at org.testng.TestNG.run(TestNG.java:1031)
at org.testng.remote.AbstractRemoteTestNG.run(AbstractRemoteTestNG.java:115)
at org.testng.remote.RemoteTestNG.initAndRun(RemoteTestNG.java:251)
at org.testng.remote.RemoteTestNG.main(RemoteTestNG.java:77)
]]>
            </full-stacktrace>
          </exception> <!-- java.lang.AssertionError -->
          <reporter-output>
          </reporter-output>
        </test-method> <!-- confirmRequest -->
        <test-method signature="ignoreRequest(java.lang.String)[pri:9, instance:com.rentv.test.FriendsModule@43195e57]" started-at="2023-12-06T16:39:34 IST" name="ignoreRequest" finished-at="2023-12-06T16:39:36 IST" duration-ms="1684" status="PASS">
          <params>
            <param index="0">
              <value>
                <![CDATA[7b5f71d7-6ba2-453e-8967-b3dc49]]>
              </value>
            </param>
          </params>
          <reporter-output>
          </reporter-output>
        </test-method> <!-- ignoreRequest -->
      </class> <!-- com.rentv.test.FriendsModule -->
    </test> <!-- FriendsModule -->
  </suite> <!-- suite -->
</testng-results>
