<?xml version="1.0" encoding="UTF-8"?>
<!-- Generated by org.testng.reporters.JUnitXMLReporter -->
<testsuite ignored="0" hostname="Nirmala" failures="0" tests="3" name="Login" time="13.419" errors="0" timestamp="2023-12-04T16:34:42 IST">
  <testcase classname="com.rentv.test.Authentications" name="configProperties" time="0.013"/>
  <testcase classname="com.rentv.test.Authentications" name="login" time="10.526"/>
  <testcase classname="com.rentv.test.Authentications" name="confirmOtp" time="2.782"/>
</testsuite> <!-- Login -->
