<?xml version="1.0" encoding="UTF-8"?>
<!-- Generated by org.testng.reporters.JUnitXMLReporter -->
<testsuite ignored="0" hostname="Nirmala" failures="0" tests="10" name="Notifications" time="10.402" errors="0" timestamp="2023-12-04T14:23:30 IST">
  <testcase classname="com.rentv.test.Authentications" name="configProperties" time="0.008"/>
  <testcase classname="com.rentv.test.Authentications" name="login" time="0.521"/>
  <testcase classname="com.rentv.test.Authentications" name="confirmOtp" time="2.32"/>
  <testcase classname="com.rentv.test.Authentications" name="configProperties" time="0.004"/>
  <testcase classname="com.rentv.test.Authentications" name="login" time="0.966"/>
  <testcase classname="com.rentv.test.Authentications" name="confirmOtp" time="2.29"/>
  <testcase classname="com.rentv.test.NotificationsModule" name="getNotifications" time="0.97"/>
  <testcase classname="com.rentv.test.NotificationsModule" name="readNotifications" time="1.127"/>
  <testcase classname="com.rentv.test.NotificationsModule" name="countOfUnreadNotifications" time="0.967"/>
  <testcase classname="com.rentv.test.NotificationsModule" name="deleteNotifications" time="1.178"/>
</testsuite> <!-- Notifications -->
